2024-12-26 16:54:13.508 | INFO     | __main__:main:22 - running the application...
2024-12-26 16:54:13.509 | INFO     | model.model_builder:train_model:38 - building model config file at: model\models/rf_db_v2
2024-12-26 16:54:13.509 | INFO     | model.pipeline.model:build_model:31 - starting up model building pipeline
2024-12-26 16:54:13.509 | INFO     | model.pipeline.preparation:prepare_data:26 - starting up preprocessing pipeline
2024-12-26 16:54:13.509 | INFO     | model.pipeline.collection:load_data_from_db:26 - extracting table from database
2024-12-26 16:54:13.523 | INFO     | model.pipeline.preparation:_encode_cat_cols:43 - encoding categorical columns: ['balcony', 'storage', 'parking', 'furnished', 'garage']
2024-12-26 16:54:13.527 | INFO     | model.pipeline.preparation:_parse_garden_col:61 - parsing garden columns
2024-12-26 16:54:13.528 | INFO     | model.pipeline.model:_get_x_y:67 - defining variables. 
X vars: ['area', 'constraction_year', 'bedrooms', 'garden', 'balcony_yes', 'parking_yes', 'furnished_yes', 'garage_yes', 'storage_yes']
y vars: rent
2024-12-26 16:54:13.528 | INFO     | model.pipeline.model:_split_train_test:85 - Splitting data to train and test sets
2024-12-26 16:54:13.529 | INFO     | model.pipeline.model:_train_model:107 - training model with hyperparameters tuning
2024-12-26 16:54:13.529 | DEBUG    | model.pipeline.model:_train_model:112 - grid_space = {'n_estimators': [100, 200, 300], 'max_depth': [3, 6, 9, 12]}
2024-12-26 16:54:35.678 | INFO     | model.pipeline.model:_evaluate_model:149 - evaluating model performance. SCORE=0.702593076131178
2024-12-26 16:54:35.678 | INFO     | model.pipeline.model:_save_model:164 - saving a model to directory: model\models/rf_db_v2
2024-12-26 17:12:41.300 | INFO     | __main__:main:23 - running the application...
2024-12-26 17:12:41.301 | INFO     | model.model_inference:load_model:46 - checking for model existance in: model\models/rf_db_v2
2024-12-26 17:12:41.301 | INFO     | model.model_inference:load_model:58 - model rf_db_v2 found -->loading model configuration file
2024-12-26 17:12:42.429 | INFO     | model.model_inference:predict:79 - making prediction
2024-12-26 17:12:42.475 | INFO     | __main__:main:39 - prediction = [2004.87767934]
